<?xml version="1.0" encoding="UTF-8"?>
<testsuite xmlns:xsi="http://www.w3.org/2001/XMLSchema-instance" xsi:noNamespaceSchemaLocation="https://maven.apache.org/surefire/maven-surefire-plugin/xsd/surefire-test-report.xsd" version="3.0.2" name="org.example.notifycentral.service.UserServiceTest" time="0.081" tests="3" errors="0" skipped="0" failures="0">
  <properties>
[...]
</properties>
  <testcase name="findByCategory_shouldReturnOnlyUsersSubscribedToFinance" classname="org.example.notifycentral.service.UserServiceTest" time="0.063"/>
  <testcase name="findAll_shouldReturnThreeUsers" classname="org.example.notifycentral.service.UserServiceTest" time="0.007"/>
  <testcase name="findByCategory_shouldReturnOnlyUsersSubscribedToSports" classname="org.example.notifycentral.service.UserServiceTest" time="0.004"/>
</testsuite>